<?xml version="1.0" encoding="UTF-8"?>
<testsuites name="DataDrivenTesting" time="28" tests="3" failures="0" errors="0">
   <testsuite name="DataDrivenTesting" tests="3" failures="0" errors="0" time="28" timestamp="2018-12-03 15:10:57" hostname="SYSTEM - DESKTOP" id="Test Suites/DataDrivenTesting">
      <properties>
         <property name="deviceName" value=""/>
         <property name="devicePlatform" value=""/>
         <property name="logFolder" value="C:\\Users\\Apple\\Katalon Studio\\Project1\\Reports\\DataDrivenTesting\\20181203_151054"/>
         <property name="logFiles" value="C:\\Users\\Apple\\Katalon Studio\\Project1\\Reports\\DataDrivenTesting\\20181203_151054\\execution0.log"/>
         <property name="attachments" value=""/>
         <property name="hostName" value="SYSTEM - DESKTOP"/>
         <property name="hostAddress" value="192.168.1.104"/>
         <property name="os" value="Windows 10 64bit"/>
         <property name="katalonVersion" value="5.9.1.2"/>
      </properties>
      <testcase name="Test Cases/DataDriven" classname="Test Cases/DataDriven" status="PASSED">
         <system-out><![CDATA[2018-12-03 15:10:57 - [TEST_CASE][PASSED] - Test Cases/DataDriven: Test Cases/DataDriven

2018-12-03 15:10:58 - [TEST_STEP][PASSED] - sendRequest(findTestObject("DataDriven/CreateUserusingDataDriven", ["dataDrivenusername":userName])): Send request successfully

2018-12-03 15:11:17 - [MESSAGE][INFO] - HAR: C:\Users\Apple\Katalon Studio\Project1\Reports\DataDrivenTesting\20181203_151054\requests\main\0.har

2018-12-03 15:11:17 - [MESSAGE][PASSED] - Send request successfully

2018-12-03 15:11:17 - [TEST_STEP][PASSED] - println("Using user name" + userName): null]]></system-out>
         <system-err><![CDATA[]]></system-err>
      </testcase>
      <testcase name="Test Cases/DataDriven" classname="Test Cases/DataDriven" status="PASSED">
         <system-out><![CDATA[2018-12-03 15:11:17 - [TEST_CASE][PASSED] - Test Cases/DataDriven: Test Cases/DataDriven

2018-12-03 15:11:17 - [TEST_STEP][PASSED] - sendRequest(findTestObject("DataDriven/CreateUserusingDataDriven", ["dataDrivenusername":userName])): Send request successfully

2018-12-03 15:11:18 - [MESSAGE][INFO] - HAR: C:\Users\Apple\Katalon Studio\Project1\Reports\DataDrivenTesting\20181203_151054\requests\main\1.har

2018-12-03 15:11:18 - [MESSAGE][PASSED] - Send request successfully

2018-12-03 15:11:18 - [TEST_STEP][PASSED] - println("Using user name" + userName): null]]></system-out>
         <system-err><![CDATA[]]></system-err>
      </testcase>
      <testcase name="Test Cases/DataDriven" classname="Test Cases/DataDriven" status="PASSED">
         <system-out><![CDATA[2018-12-03 15:11:18 - [TEST_CASE][PASSED] - Test Cases/DataDriven: Test Cases/DataDriven

2018-12-03 15:11:18 - [TEST_STEP][PASSED] - sendRequest(findTestObject("DataDriven/CreateUserusingDataDriven", ["dataDrivenusername":userName])): Send request successfully

2018-12-03 15:11:25 - [MESSAGE][INFO] - HAR: C:\Users\Apple\Katalon Studio\Project1\Reports\DataDrivenTesting\20181203_151054\requests\main\2.har

2018-12-03 15:11:25 - [MESSAGE][PASSED] - Send request successfully

2018-12-03 15:11:25 - [TEST_STEP][PASSED] - println("Using user name" + userName): null]]></system-out>
         <system-err><![CDATA[]]></system-err>
      </testcase>
      <system-out><![CDATA[2018-12-03 15:10:57 - [TEST_SUITE][PASSED] - DataDrivenTesting: Test Cases/DataDriven]]></system-out>
      <system-err><![CDATA[]]></system-err>
   </testsuite>
</testsuites>
